proguard.cfg
-optimizationpasses 5
-dontusemixedcaseclassnames
-dontskipnonpubliclibraryclasses
-dontpreverify
-verbose
-optimizations !code/simplification/arithmetic,!field/*,!class/merging/*
-dontwarn android.support.v4.**
-dontwarn com.etsy.android.grid.**
-dontwarn com.nhaarman.listviewanimations.**
-keep class javax.xml.stream.** { *; }
-dontwarn org.jdom2.**