proguard/seeds.txt
com.robin.instastars.Actor_Detail
com.robin.instastars.Actor_Detail: Actor_Detail()
com.robin.instastars.Gallery_Images
com.robin.instastars.Gallery_Images: Gallery_Images()
com.robin.instastars.MainActivity
com.robin.instastars.MainActivity: MainActivity()
com.robin.instastars.SplashActivity
com.robin.instastars.SplashActivity: SplashActivity()
...
android.support.v4.app.FragmentActivity: FragmentActivity()
android.support.v4.view.ViewPager: ViewPager(android.content.Context)
android.support.v4.view.ViewPager: ViewPager(android.content.Context,android.util.AttributeSet)
android.support.v4.widget.DrawerLayout
android.support.v4.widget.DrawerLayout: DrawerLayout(android.content.Context)
android.support.v4.widget.DrawerLayout: DrawerLayout(android.content.Context,android.util.AttributeSet)
android.support.v4.widget.DrawerLayout: DrawerLayout(android.content.Context,android.util.AttributeSet,int)
android.support.v7.app.ActionBarActivity: ActionBarActivity()
android.support.v7.internal.view.menu.ActionMenuItemView
android.support.v7.internal.view.menu.ActionMenuItemView: ActionMenuItemView(android.content.Context)
android.support.v7.internal.view.menu.ActionMenuItemView: ActionMenuItemView(android.content.Context,android.util.AttributeSet)
android.support.v7.internal.view.menu.ActionMenuItemView: ActionMenuItemView(android.content.Context,android.util.AttributeSet,int)
android.support.v7.internal.view.menu.ActionMenuView
android.support.v7.internal.view.menu.ActionMenuView: ActionMenuView(android.content.Context)
android.support.v7.internal.view.menu.ActionMenuView: ActionMenuView(android.content.Context,android.util.AttributeSet)
android.support.v7.internal.view.menu.ExpandedMenuView
android.support.v7.internal.view.menu.ExpandedMenuView: ExpandedMenuView(android.content.Context,android.util.AttributeSet)
android.support.v7.internal.view.menu.ListMenuItemView
android.support.v7.internal.view.menu.ListMenuItemView: ListMenuItemView(android.content.Context,android.util.AttributeSet,int)
android.support.v7.internal.view.menu.ListMenuItemView: ListMenuItemView(android.content.Context,android.util.AttributeSet)
android.support.v7.internal.widget.AbsActionBarView: AbsActionBarView(android.content.Context)
android.support.v7.internal.widget.AbsActionBarView: AbsActionBarView(android.content.Context,android.util.AttributeSet)
android.support.v7.internal.widget.AbsActionBarView: AbsActionBarView(android.content.Context,android.util.AttributeSet,int)
android.support.v7.internal.widget.ActionBarContainer
android.support.v7.internal.widget.ActionBarContainer: ActionBarContainer(android.content.Context)
android.support.v7.internal.widget.ActionBarContainer: ActionBarContainer(android.content.Context,android.util.AttributeSet)
android.support.v7.internal.widget.ActionBarContextView
android.support.v7.internal.widget.ActionBarContextView: ActionBarContextView(android.content.Context)
android.support.v7.internal.widget.ActionBarContextView: ActionBarContextView(android.content.Context,android.util.AttributeSet)
android.support.v7.internal.widget.ActionBarContextView: ActionBarContextView(android.content.Context,android.util.AttributeSet,int)
android.support.v7.internal.widget.ActionBarOverlayLayout
android.support.v7.internal.widget.ActionBarOverlayLayout: ActionBarOverlayLayout(android.content.Context)
android.support.v7.internal.widget.ActionBarOverlayLayout: ActionBarOverlayLayout(android.content.Context,android.util.AttributeSet)
android.support.v7.internal.widget.ActionBarView
android.support.v7.internal.widget.ActionBarView: ActionBarView(android.content.Context,android.util.AttributeSet)
android.support.v7.internal.widget.ActionBarView$HomeView
android.support.v7.internal.widget.ActionBarView$HomeView: ActionBarView$HomeView(android.content.Context)
android.support.v7.internal.widget.ActionBarView$HomeView: ActionBarView$HomeView(android.content.Context,android.util.AttributeSet)
android.support.v7.internal.widget.CompatTextView: CompatTextView(android.content.Context)
android.support.v7.internal.widget.CompatTextView: CompatTextView(android.content.Context,android.util.AttributeSet)
android.support.v7.internal.widget.CompatTextView: CompatTextView(android.content.Context,android.util.AttributeSet,int)