proguard/mapping.txt
com.robin.instastars.Actor_Detail -> com.robin.instastars.Actor_Detail:
    android.widget.ImageView imageprofile -> q
    android.widget.ImageView img_top -> r
    android.widget.TextView textbio -> s
    android.widget.TextView textlink -> t
    android.widget.TextView fnamelname -> u
    com.nostra13.universalimageloader.core.ImageLoader imageloader -> v
    com.nostra13.universalimageloader.core.DisplayImageOptions options -> w
    com.nostra13.universalimageloader.core.DisplayImageOptions options2 -> x
    android.widget.TextView link_x -> y
    android.widget.ImageView action_bar -> z
    com.instastars.widgets.CustomScrollView scroll_actor_detail -> A
    int sdk -> o
    android.widget.TextView title -> B
    android.widget.TextView titleactionbar -> C
    java.util.ArrayList images -> p
    void onStart() -> onStart
    void onCreate(android.os.Bundle) -> onCreate
    void onBackPressed() -> onBackPressed
    void access$0$32852a17(com.robin.instastars.Actor_Detail,java.lang.String) -> a
    int access$1$11f4f045(com.robin.instastars.Actor_Detail) -> a
    android.widget.ImageView access$2(com.robin.instastars.Actor_Detail) -> b
com.robin.instastars.Actor_Detail$1 -> com.robin.instastars.a:
    com.robin.instastars.Actor_Detail this$0 -> a
    void onClick(android.view.View) -> onClick
com.robin.instastars.Actor_Detail$2 -> com.robin.instastars.b:
    com.robin.instastars.Actor_Detail this$0 -> a
    void onScrollChanged$2c58f631(int) -> a
com.robin.instastars.Actor_Detail$3 -> com.robin.instastars.c:
    com.robin.instastars.Actor_Detail this$0 -> a
    void onClick(android.view.View) -> onClick
com.robin.instastars.Actor_Detail$ViewGalleryClick -> com.robin.instastars.d:
    com.robin.instastars.Actor_Detail this$0 -> a
    void onClick(android.view.View) -> onClick
com.robin.instastars.AppContext -> com.robin.instastars.e:
    android.content.Context context -> a
    void onCreate() -> onCreate
    android.content.Context getAppContext() -> a
    void initImageLoader() -> b
    int getdensity(int) -> a
com.robin.instastars.Gallery_Images -> com.robin.instastars.Gallery_Images:
    android.support.v4.app.Fragment contentFragment -> q
    com.robin.instastars.fragments.ImageFragment gallery_image -> n
    java.lang.String url -> o
    java.lang.String result -> p
    java.util.ArrayList images -> r
    void onStart() -> onStart
    void onStop() -> onStop
    void onCreate(android.os.Bundle) -> onCreate
    void onDestroy() -> onDestroy
    void onBackPressed() -> onBackPressed
    void Share_Image() -> a
    void Save_Image() -> f
    void onActivityResult(int,int,android.content.Intent) -> onActivityResult
    java.lang.String getRealPathFromURI(android.net.Uri) -> a
    void Share(java.lang.String) -> c
    java.lang.String Save_im_cache(android.graphics.Bitmap) -> a
com.robin.instastars.Gallery_Images$1 -> com.robin.instastars.f:
    com.robin.instastars.Gallery_Images this$0 -> a
    void run() -> run
...
android.support.v4.view.accessibility.AccessibilityNodeProviderCompatKitKat$AccessibilityNodeInfoBridge -> android.support.v4.f.a.t:
    java.lang.Object createAccessibilityNodeInfo$54cf32c4() -> c
    boolean performAction$5985f823() -> a
    java.util.List findAccessibilityNodeInfosByText$2393931d() -> b
    java.lang.Object findFocus$54cf32c4() -> d
android.support.v4.view.accessibility.AccessibilityRecordCompat -> android.support.v4.f.a.u:
    android.support.v4.view.accessibility.AccessibilityRecordCompat$AccessibilityRecordImpl IMPL -> a
    java.lang.Object mRecord -> b
    android.support.v4.view.accessibility.AccessibilityRecordCompat obtain() -> a
    void setScrollable(boolean) -> a
    void setItemCount(int) -> a
    void setFromIndex(int) -> b
    void setToIndex(int) -> c
    int hashCode() -> hashCode
    boolean equals(java.lang.Object) -> equals
android.support.v4.view.accessibility.AccessibilityRecordCompat$AccessibilityRecordIcsImpl -> android.support.v4.f.a.v:
    java.lang.Object obtain() -> a
    void setFromIndex(java.lang.Object,int) -> a
    void setItemCount(java.lang.Object,int) -> b
    void setScrollable(java.lang.Object,boolean) -> a
    void setToIndex(java.lang.Object,int) -> c
android.support.v4.view.accessibility.AccessibilityRecordCompat$AccessibilityRecordIcsMr1Impl -> android.support.v4.f.a.w:
android.support.v4.view.accessibility.AccessibilityRecordCompat$AccessibilityRecordImpl -> android.support.v4.f.a.x:
    java.lang.Object obtain() -> a
    void setScrollable(java.lang.Object,boolean) -> a
    void setItemCount(java.lang.Object,int) -> b
    void setFromIndex(java.lang.Object,int) -> a
    void setToIndex(java.lang.Object,int) -> c
android.support.v4.view.accessibility.AccessibilityRecordCompat$AccessibilityRecordJellyBeanImpl -> android.support.v4.f.a.y:
android.support.v4.view.accessibility.AccessibilityRecordCompat$AccessibilityRecordStubImpl -> android.support.v4.f.a.z:
    java.lang.Object obtain() -> a
    void setFromIndex(java.lang.Object,int) -> a
    void setItemCount(java.lang.Object,int) -> b
    void setScrollable(java.lang.Object,boolean) -> a
    void setToIndex(java.lang.Object,int) -> c
android.support.v4.widget.DrawerLayout -> android.support.v4.widget.DrawerLayout:
    int[] LAYOUT_ATTRS -> a
    int mMinDrawerMargin -> b
    int mScrimColor -> c
    float mScrimOpacity -> d
    android.graphics.Paint mScrimPaint -> e
    android.support.v4.widget.ViewDragHelper mLeftDragger -> f
    android.support.v4.widget.ViewDragHelper mRightDragger -> g
    android.support.v4.widget.DrawerLayout$ViewDragCallback mLeftCallback -> h
    android.support.v4.widget.DrawerLayout$ViewDragCallback mRightCallback -> i
    int mDrawerState -> j
    boolean mInLayout -> k
    boolean mFirstLayout -> l
    int mLockModeLeft -> m
    int mLockModeRight -> n
    boolean mDisallowInterceptRequested -> o
    boolean mChildrenCanceledTouch -> p
    android.support.v4.widget.DrawerLayout$DrawerListener mListener -> q
    float mInitialMotionX -> r
    float mInitialMotionY -> s
    android.graphics.drawable.Drawable mShadowLeft -> t
    android.graphics.drawable.Drawable mShadowRight -> u
    java.lang.CharSequence mTitleLeft -> v
    java.lang.CharSequence mTitleRight -> w
    void setDrawerListener(android.support.v4.widget.DrawerLayout$DrawerListener) -> a
    void setDrawerLockMode(int,int) -> a
    int getDrawerLockMode(android.view.View) -> a
    java.lang.CharSequence getDrawerTitle(int) -> a
    void updateDrawerState$5cdeb3e3(int,android.view.View) -> a
    void setDrawerViewOffset(android.view.View,float) -> a
    float getDrawerViewOffset(android.view.View) -> b