proguard/usage.txt
com.robin.instastars.Actor_Detail:
    android.support.v4.app.FragmentManager fm
com.robin.instastars.AppContext:
    9:9:public AppContext()
com.robin.instastars.BuildConfig
com.robin.instastars.MainActivity$5:
    413:420:public boolean onOptionsItemSelected(android.view.MenuItem)
com.robin.instastars.R:
    10:10:public R()
com.robin.instastars.R$anim
com.robin.instastars.R$array
com.robin.instastars.R$attr
com.robin.instastars.R$bool
com.robin.instastars.R$color
com.robin.instastars.R$dimen
com.robin.instastars.R$drawable
com.robin.instastars.R$id
com.robin.instastars.R$integer
com.robin.instastars.R$interpolator
com.robin.instastars.R$layout
com.robin.instastars.R$raw
com.robin.instastars.R$string
com.robin.instastars.R$style
com.robin.instastars.R$styleable:
    public static final int ActionBar_background
    public static final int ActionBar_backgroundSplit
    public static final int ActionBar_backgroundStacked
    public static final int ActionBar_customNavigationLayout
    public static final int ActionBar_displayOptions
    public static final int ActionBar_divider
    public static final int ActionBar_height
    public static final int ActionBar_homeLayout
    public static final int ActionBar_icon
    public static final int ActionBar_indeterminateProgressStyle
    public static final int ActionBar_itemPadding
    public static final int ActionBar_logo
    public static final int ActionBar_navigationMode
    public static final int ActionBar_progressBarPadding
    public static final int ActionBar_progressBarStyle
    public static final int ActionBar_subtitle
    public static final int ActionBar_subtitleTextStyle
    public static final int ActionBar_title
    public static final int ActionBar_titleTextStyle
    public static final int ActionBarLayout_android_layout_gravity
    public static final int ActionBarWindow_windowActionBar
    public static final int ActionBarWindow_windowActionBarOverlay
    public static final int ActionBarWindow_windowFixedHeightMajor
    public static final int ActionBarWindow_windowFixedHeightMinor
    public static final int ActionBarWindow_windowFixedWidthMajor
    public static final int ActionBarWindow_windowFixedWidthMinor
com.robin.instastars.classes.Search:
    private boolean result
    10:10:public java.util.ArrayList getActors()
    16:16:public boolean isResult()
    19:20:public void setResult(boolean)
    22:22:public java.lang.String getKeyword()
com.robin.instastars.classes.TypefaceSingelton:
    15:15:public static com.robin.instastars.classes.TypefaceSingelton getInstance()
com.robin.instastars.fragments.Bookmark_Fragment:
    public int position
    public java.lang.String keyword
com.robin.instastars.fragments.ImageFragment:
    public static final java.lang.String ARG_ITEM_ID
    android.widget.TextView imgNameTxt
    android.app.AlertDialog alertDialog
    java.lang.String message
com.robin.instastars.fragments.Search_Fragment:
    public java.lang.String entrance
    97:97:public com.etsy.android.grid.StaggeredGridView getgridview()
...
android.support.v4.content.ContextCompatHoneycomb:
    27:27:ContextCompatHoneycomb()
    34:34:public static java.io.File getObbDir(android.content.Context)
android.support.v4.content.ContextCompatJellybean:
    23:23:ContextCompatJellybean()
android.support.v4.content.ContextCompatKitKat
android.support.v4.content.CursorLoader
android.support.v4.content.FileProvider
android.support.v4.content.FileProvider$PathStrategy
android.support.v4.content.FileProvider$SimplePathStrategy
android.support.v4.content.IntentCompat:
    public static final java.lang.String ACTION_EXTERNAL_APPLICATIONS_AVAILABLE
    public static final java.lang.String ACTION_EXTERNAL_APPLICATIONS_UNAVAILABLE
    public static final java.lang.String EXTRA_CHANGED_PACKAGE_LIST
    public static final java.lang.String EXTRA_CHANGED_UID_LIST
    public static final java.lang.String EXTRA_HTML_TEXT
    public static final int FLAG_ACTIVITY_TASK_ON_HOME
    public static final int FLAG_ACTIVITY_CLEAR_TASK
    95:97:private IntentCompat()
    249:249:public static android.content.Intent makeMainSelectorActivity(java.lang.String,java.lang.String)
    266:266:public static android.content.Intent makeRestartActivityTask(android.content.ComponentName)
android.support.v4.content.IntentCompat$IntentCompatImpl:
    public abstract android.content.Intent makeMainSelectorActivity(java.lang.String,java.lang.String)
    public abstract android.content.Intent makeRestartActivityTask(android.content.ComponentName)
android.support.v4.content.IntentCompat$IntentCompatImplBase:
    51:53:public android.content.Intent makeMainSelectorActivity(java.lang.String,java.lang.String)
    58:61:public android.content.Intent makeRestartActivityTask(android.content.ComponentName)
android.support.v4.content.IntentCompat$IntentCompatImplHC:
    72:72:public android.content.Intent makeRestartActivityTask(android.content.ComponentName)
android.support.v4.content.IntentCompat$IntentCompatImplIcsMr1:
    79:79:public android.content.Intent makeMainSelectorActivity(java.lang.String,java.lang.String)
android.support.v4.content.IntentCompatHoneycomb:
    22:22:IntentCompatHoneycomb()
    28:28:public static android.content.Intent makeRestartActivityTask(android.content.ComponentName)
android.support.v4.content.IntentCompatIcsMr1
android.support.v4.content.Loader:
    android.content.Context mContext
    91:93:public Loader(android.content.Context)
    103:106:public void deliverResult(java.lang.Object)
    112:112:public android.content.Context getContext()
    119:119:public int getId()
    158:158:public boolean isStarted()
    167:167:public boolean isAbandoned()
    176:176:public boolean isReset()
    218:219:public void forceLoad()
    226:226:protected void onForceLoad()
    262:264:public void abandon()
    276:276:protected void onAbandon()
    314:317:public boolean takeContentChanged()
    328:329:public void commitContentChanged()
    339:342:public void rollbackContentChanged()
    353:361:public void onContentChanged()
android.support.v4.content.Loader$ForceLoadContentObserver
android.support.v4.content.Loader$OnLoadCompleteListener:
    public abstract void onLoadComplete(android.support.v4.content.Loader,java.lang.Object)
android.support.v4.content.LocalBroadcastManager
android.support.v4.content.LocalBroadcastManager$1
android.support.v4.content.LocalBroadcastManager$BroadcastRecord
android.support.v4.content.LocalBroadcastManager$ReceiverRecord
android.support.v4.content.ModernAsyncTask
android.support.v4.content.ModernAsyncTask$1
android.support.v4.content.ModernAsyncTask$2
android.support.v4.content.ModernAsyncTask$3
android.support.v4.content.ModernAsyncTask$4
android.support.v4.content.ModernAsyncTask$AsyncTaskResult
android.support.v4.content.ModernAsyncTask$InternalHandler
android.support.v4.content.ModernAsyncTask$Status
android.support.v4.content.ModernAsyncTask$WorkerRunnable
android.support.v4.content.WakefulBroadcastReceiver